<?xml version="1.0" encoding="UTF-8"?>
<!-- Generated by org.testng.reporters.JUnitReportReporter -->
<testsuite hostname="DESKTOP-QKS50A1" failures="0" tests="5" name="Testng.Demo" time="17.610" errors="0" timestamp="2024-09-24T13:09:22 IST" skipped="0">
  <testcase classname="Testng.Demo" name="setup" time="13.442"/>
  <system-out/>
  <testcase classname="Testng.Demo" name="enter_name" time="0.599"/>
  <system-out/>
  <testcase classname="Testng.Demo" name="enter_email" time="0.405"/>
  <system-out/>
  <testcase classname="Testng.Demo" name="enter_signup" time="2.437"/>
  <system-out/>
  <testcase classname="Testng.Demo" name="teardown" time="0.727"/>
  <system-out/>
</testsuite> <!-- Testng.Demo -->
